# JRE version: OpenJDK Runtime Environment Temurin-17.0.18+8 (17.0.18+8) (build 17.0.18+8)
# Java VM: OpenJDK 64-Bit Server VM Temurin-17.0.18+8 (17.0.18+8, mixed mode, emulated-client, sharing, tiered, compressed oops, compressed class ptrs, g1 gc, windows-amd64)
GC Precious Log:
 CPUs: 12 total, 12 available
 Memory: 3739M
 Large Page Support: Disabled
 NUMA Support: Disabled
 Compressed Oops: Enabled (32-bit)
 Heap Region Size: 1M
 Heap Min Capacity: 8M
 Heap Initial Capacity: 60M
 Heap Max Capacity: 936M
 Pre-touch: Disabled
 Parallel Workers: 10
 Concurrent Workers: 3
 Concurrent Refinement Workers: 10
 Periodic GC: Disabled
Heap:
 garbage-first heap   total 66560K, used 31869K [0x00000000c5800000, 0x0000000100000000)
  region size 1024K, 3 young (3072K), 3 survivors (3072K)
 Metaspace       used 65419K, committed 65984K, reserved 1114112K
  class space    used 9467K, committed 9728K, reserved 1048576K
GC Heap History (20 events):
Event: 2.649 GC heap after
{Heap after GC invocations=7 (full 0):
 garbage-first heap   total 55296K, used 16364K [0x00000000c5800000, 0x0000000100000000)
  region size 1024K, 4 young (4096K), 4 survivors (4096K)
 Metaspace       used 23707K, committed 24128K, reserved 1114112K
  class space    used 3344K, committed 3520K, reserved 1048576K
}
Event: 2.922 GC heap before
{Heap before GC invocations=7 (full 0):
 garbage-first heap   total 55296K, used 37868K [0x00000000c5800000, 0x0000000100000000)
  region size 1024K, 25 young (25600K), 4 survivors (4096K)
 Metaspace       used 26478K, committed 26880K, reserved 1114112K
  class space    used 3715K, committed 3904K, reserved 1048576K
}
Event: 2.925 GC heap after
{Heap after GC invocations=8 (full 0):
 garbage-first heap   total 55296K, used 17601K [0x00000000c5800000, 0x0000000100000000)
  region size 1024K, 2 young (2048K), 2 survivors (2048K)
 Metaspace       used 26478K, committed 26880K, reserved 1114112K
  class space    used 3715K, committed 3904K, reserved 1048576K
}
Event: 3.200 GC heap before
{Heap before GC invocations=8 (full 0):
 garbage-first heap   total 55296K, used 39105K [0x00000000c5800000, 0x0000000100000000)
  region size 1024K, 24 young (24576K), 2 survivors (2048K)
 Metaspace       used 29504K, committed 29888K, reserved 1114112K
  class space    used 4178K, committed 4352K, reserved 1048576K
}
Event: 3.207 GC heap after
{Heap after GC invocations=9 (full 0):
 garbage-first heap   total 66560K, used 19315K [0x00000000c5800000, 0x0000000100000000)
  region size 1024K, 3 young (3072K), 3 survivors (3072K)
 Metaspace       used 29504K, committed 29888K, reserved 1114112K
  class space    used 4178K, committed 4352K, reserved 1048576K
}
Event: 3.701 GC heap before
{Heap before GC invocations=9 (full 0):
 garbage-first heap   total 66560K, used 49011K [0x00000000c5800000, 0x0000000100000000)
  region size 1024K, 33 young (33792K), 3 survivors (3072K)
 Metaspace       used 34019K, committed 34560K, reserved 1114112K
  class space    used 4784K, committed 5056K, reserved 1048576K
}
Event: 3.706 GC heap after
{Heap after GC invocations=10 (full 0):
 garbage-first heap   total 66560K, used 21673K [0x00000000c5800000, 0x0000000100000000)
  region size 1024K, 5 young (5120K), 5 survivors (5120K)
 Metaspace       used 34019K, committed 34560K, reserved 1114112K
  class space    used 4784K, committed 5056K, reserved 1048576K
}
Event: 3.829 GC heap before
{Heap before GC invocations=10 (full 0):
 garbage-first heap   total 66560K, used 28841K [0x00000000c5800000, 0x0000000100000000)
  region size 1024K, 13 young (13312K), 5 survivors (5120K)
 Metaspace       used 35469K, committed 35968K, reserved 1114112K
  class space    used 5005K, committed 5248K, reserved 1048576K
}
Event: 3.833 GC heap after
{Heap after GC invocations=11 (full 0):
 garbage-first heap   total 66560K, used 22111K [0x00000000c5800000, 0x0000000100000000)
  region size 1024K, 1 young (1024K), 1 survivors (1024K)
 Metaspace       used 35469K, committed 35968K, reserved 1114112K
  class space    used 5005K, committed 5248K, reserved 1048576K
}
Event: 4.261 GC heap before
{Heap before GC invocations=12 (full 0):
 garbage-first heap   total 66560K, used 49759K [0x00000000c5800000, 0x0000000100000000)
  region size 1024K, 29 young (29696K), 1 survivors (1024K)
 Metaspace       used 41931K, committed 42432K, reserved 1114112K
  class space    used 5965K, committed 6208K, reserved 1048576K
}
Event: 4.263 GC heap after
{Heap after GC invocations=13 (full 0):
 garbage-first heap   total 66560K, used 23695K [0x00000000c5800000, 0x0000000100000000)
  region size 1024K, 3 young (3072K), 3 survivors (3072K)
 Metaspace       used 41931K, committed 42432K, reserved 1114112K
  class space    used 5965K, committed 6208K, reserved 1048576K
}
Event: 4.740 GC heap before
{Heap before GC invocations=13 (full 0):
 garbage-first heap   total 66560K, used 50319K [0x00000000c5800000, 0x0000000100000000)
  region size 1024K, 30 young (30720K), 3 survivors (3072K)
 Metaspace       used 48025K, committed 48512K, reserved 1114112K
  class space    used 6784K, committed 7040K, reserved 1048576K
}
Event: 4.743 GC heap after
{Heap after GC invocations=14 (full 0):
 garbage-first heap   total 66560K, used 24648K [0x00000000c5800000, 0x0000000100000000)
  region size 1024K, 3 young (3072K), 3 survivors (3072K)
 Metaspace       used 48025K, committed 48512K, reserved 1114112K
  class space    used 6784K, committed 7040K, reserved 1048576K
}
Event: 6.286 GC heap before
{Heap before GC invocations=14 (full 0):
 garbage-first heap   total 66560K, used 50248K [0x00000000c5800000, 0x0000000100000000)
  region size 1024K, 29 young (29696K), 3 survivors (3072K)
 Metaspace       used 54743K, committed 55232K, reserved 1114112K
  class space    used 7853K, committed 8064K, reserved 1048576K
}
Event: 6.290 GC heap after
{Heap after GC invocations=15 (full 0):
 garbage-first heap   total 66560K, used 25890K [0x00000000c5800000, 0x0000000100000000)
  region size 1024K, 2 young (2048K), 2 survivors (2048K)
 Metaspace       used 54743K, committed 55232K, reserved 1114112K
  class space    used 7853K, committed 8064K, reserved 1048576K
}
Event: 6.660 GC heap before
{Heap before GC invocations=15 (full 0):
 garbage-first heap   total 66560K, used 47394K [0x00000000c5800000, 0x0000000100000000)
  region size 1024K, 24 young (24576K), 2 survivors (2048K)
 Metaspace       used 59612K, committed 60096K, reserved 1114112K
  class space    used 8538K, committed 8768K, reserved 1048576K
}
Event: 6.664 GC heap after
{Heap after GC invocations=16 (full 0):
 garbage-first heap   total 66560K, used 26893K [0x00000000c5800000, 0x0000000100000000)
  region size 1024K, 3 young (3072K), 3 survivors (3072K)
 Metaspace       used 59612K, committed 60096K, reserved 1114112K
  class space    used 8538K, committed 8768K, reserved 1048576K
}
Event: 7.035 GC heap before
{Heap before GC invocations=17 (full 0):
 garbage-first heap   total 66560K, used 52493K [0x00000000c5800000, 0x0000000100000000)
  region size 1024K, 28 young (28672K), 3 survivors (3072K)
 Metaspace       used 62555K, committed 63168K, reserved 1114112K
  class space    used 9040K, committed 9344K, reserved 1048576K
}
Event: 7.040 GC heap after
{Heap after GC invocations=18 (full 0):
 garbage-first heap   total 66560K, used 29394K [0x00000000c5800000, 0x0000000100000000)
  region size 1024K, 4 young (4096K), 4 survivors (4096K)
 Metaspace       used 62555K, committed 63168K, reserved 1114112K
  class space    used 9040K, committed 9344K, reserved 1048576K
}
Event: 7.488 GC heap before
{Heap before GC invocations=18 (full 0):
 garbage-first heap   total 66560K, used 52946K [0x00000000c5800000, 0x0000000100000000)
  region size 1024K, 27 young (27648K), 4 survivors (4096K)
 Metaspace       used 65419K, committed 65984K, reserved 1114112K
  class space    used 9467K, committed 9728K, reserved 1048576K
}

